# JRE version: Java(TM) SE Runtime Environment (8.0_60-b27) (build 1.8.0_60-b27)
# Java VM: Java HotSpot(TM) 64-Bit Server VM (25.60-b23 mixed mode linux-amd64 compressed oops)
Heap:
 PSYoungGen      total 107008K, used 75709K [0x0000000719180000, 0x0000000722880000, 0x00000007c0000000)
  eden space 65536K, 87% used [0x0000000719180000,0x000000071c965a18,0x000000071d180000)
  from space 41472K, 44% used [0x0000000720000000,0x0000000721209bb0,0x0000000722880000)
  to   space 44544K, 0% used [0x000000071d180000,0x000000071d180000,0x000000071fd00000)
 ParOldGen       total 343040K, used 55548K [0x00000005cb400000, 0x00000005e0300000, 0x0000000719180000)
  object space 343040K, 16% used [0x00000005cb400000,0x00000005cea3f3e0,0x00000005e0300000)
 Metaspace       used 13478K, capacity 13650K, committed 13952K, reserved 1060864K
  class space    used 2282K, capacity 2371K, committed 2432K, reserved 1048576K
GC Heap History (10 events):
Event: 230.098 GC heap before
{Heap before GC invocations=38 (full 0):
 PSYoungGen      total 111616K, used 103139K [0x0000000719180000, 0x0000000722e80000, 0x00000007c0000000)
  eden space 70656K, 93% used [0x0000000719180000,0x000000071d24ac38,0x000000071d680000)
  from space 40960K, 89% used [0x000000071d780000,0x000000071fb6e028,0x000000071ff80000)
  to   space 45056K, 0% used [0x0000000720280000,0x0000000720280000,0x0000000722e80000)
 ParOldGen       total 343040K, used 55492K [0x00000005cb400000, 0x00000005e0300000, 0x0000000719180000)
  object space 343040K, 16% used [0x00000005cb400000,0x00000005cea313e0,0x00000005e0300000)
 Metaspace       used 13456K, capacity 13650K, committed 13952K, reserved 1060864K
  class space    used 2279K, capacity 2371K, committed 2432K, reserved 1048576K
Event: 230.104 GC heap after
Heap after GC invocations=38 (full 0):
 PSYoungGen      total 111616K, used 12364K [0x0000000719180000, 0x0000000722b80000, 0x00000007c0000000)
  eden space 69632K, 0% used [0x0000000719180000,0x0000000719180000,0x000000071d580000)
  from space 41984K, 29% used [0x0000000720280000,0x0000000720e93080,0x0000000722b80000)
  to   space 44032K, 0% used [0x000000071d580000,0x000000071d580000,0x0000000720080000)
 ParOldGen       total 343040K, used 55508K [0x00000005cb400000, 0x00000005e0300000, 0x0000000719180000)
  object space 343040K, 16% used [0x00000005cb400000,0x00000005cea353e0,0x00000005e0300000)
 Metaspace       used 13456K, capacity 13650K, committed 13952K, reserved 1060864K
  class space    used 2279K, capacity 2371K, committed 2432K, reserved 1048576K
}
Event: 233.359 GC heap before
{Heap before GC invocations=39 (full 0):
 PSYoungGen      total 111616K, used 81996K [0x0000000719180000, 0x0000000722b80000, 0x00000007c0000000)
  eden space 69632K, 100% used [0x0000000719180000,0x000000071d580000,0x000000071d580000)
  from space 41984K, 29% used [0x0000000720280000,0x0000000720e93080,0x0000000722b80000)
  to   space 44032K, 0% used [0x000000071d580000,0x000000071d580000,0x0000000720080000)
 ParOldGen       total 343040K, used 55508K [0x00000005cb400000, 0x00000005e0300000, 0x0000000719180000)
  object space 343040K, 16% used [0x00000005cb400000,0x00000005cea353e0,0x00000005e0300000)
 Metaspace       used 13456K, capacity 13650K, committed 13952K, reserved 1060864K
  class space    used 2279K, capacity 2371K, committed 2432K, reserved 1048576K
Event: 233.366 GC heap after
Heap after GC invocations=39 (full 0):
 PSYoungGen      total 87552K, used 18471K [0x0000000719180000, 0x0000000722780000, 0x00000007c0000000)
  eden space 68608K, 0% used [0x0000000719180000,0x0000000719180000,0x000000071d480000)
  from space 18944K, 97% used [0x000000071d580000,0x000000071e789d58,0x000000071e800000)
  to   space 42496K, 0% used [0x000000071fe00000,0x000000071fe00000,0x0000000722780000)
 ParOldGen       total 343040K, used 55524K [0x00000005cb400000, 0x00000005e0300000, 0x0000000719180000)
  object space 343040K, 16% used [0x00000005cb400000,0x00000005cea393e0,0x00000005e0300000)
 Metaspace       used 13456K, capacity 13650K, committed 13952K, reserved 1060864K
  class space    used 2279K, capacity 2371K, committed 2432K, reserved 1048576K
}
Event: 237.347 GC heap before
{Heap before GC invocations=40 (full 0):
 PSYoungGen      total 87552K, used 81868K [0x0000000719180000, 0x0000000722780000, 0x00000007c0000000)
  eden space 68608K, 92% used [0x0000000719180000,0x000000071cf69340,0x000000071d480000)
  from space 18944K, 97% used [0x000000071d580000,0x000000071e789d58,0x000000071e800000)
  to   space 42496K, 0% used [0x000000071fe00000,0x000000071fe00000,0x0000000722780000)
 ParOldGen       total 343040K, used 55524K [0x00000005cb400000, 0x00000005e0300000, 0x0000000719180000)
  object space 343040K, 16% used [0x00000005cb400000,0x00000005cea393e0,0x00000005e0300000)
 Metaspace       used 13456K, capacity 13650K, committed 13952K, reserved 1060864K
  class space    used 2279K, capacity 2371K, committed 2432K, reserved 1048576K
Event: 237.357 GC heap after
Heap after GC invocations=40 (full 0):
 PSYoungGen      total 109056K, used 6257K [0x0000000719180000, 0x0000000722680000, 0x00000007c0000000)
  eden space 67584K, 0% used [0x0000000719180000,0x0000000719180000,0x000000071d380000)
  from space 41472K, 15% used [0x000000071fe00000,0x000000072041c6c0,0x0000000722680000)
  to   space 42496K, 0% used [0x000000071d380000,0x000000071d380000,0x000000071fd00000)
 ParOldGen       total 343040K, used 55532K [0x00000005cb400000, 0x00000005e0300000, 0x0000000719180000)
  object space 343040K, 16% used [0x00000005cb400000,0x00000005cea3b3e0,0x00000005e0300000)
 Metaspace       used 13456K, capacity 13650K, committed 13952K, reserved 1060864K
  class space    used 2279K, capacity 2371K, committed 2432K, reserved 1048576K
}
Event: 240.507 GC heap before
{Heap before GC invocations=41 (full 0):
 PSYoungGen      total 109056K, used 73841K [0x0000000719180000, 0x0000000722680000, 0x00000007c0000000)
  eden space 67584K, 100% used [0x0000000719180000,0x000000071d380000,0x000000071d380000)
  from space 41472K, 15% used [0x000000071fe00000,0x000000072041c6c0,0x0000000722680000)
  to   space 42496K, 0% used [0x000000071d380000,0x000000071d380000,0x000000071fd00000)
 ParOldGen       total 343040K, used 55532K [0x00000005cb400000, 0x00000005e0300000, 0x0000000719180000)
  object space 343040K, 16% used [0x00000005cb400000,0x00000005cea3b3e0,0x00000005e0300000)
 Metaspace       used 13456K, capacity 13650K, committed 13952K, reserved 1060864K
  class space    used 2279K, capacity 2371K, committed 2432K, reserved 1048576K
Event: 240.525 GC heap after
Heap after GC invocations=41 (full 0):
 PSYoungGen      total 109056K, used 36728K [0x0000000719180000, 0x0000000722d80000, 0x00000007c0000000)
  eden space 66560K, 0% used [0x0000000719180000,0x0000000719180000,0x000000071d280000)
  from space 42496K, 86% used [0x000000071d380000,0x000000071f75e1c0,0x000000071fd00000)
  to   space 46592K, 0% used [0x0000000720000000,0x0000000720000000,0x0000000722d80000)
 ParOldGen       total 343040K, used 55540K [0x00000005cb400000, 0x00000005e0300000, 0x0000000719180000)
  object space 343040K, 16% used [0x00000005cb400000,0x00000005cea3d3e0,0x00000005e0300000)
 Metaspace       used 13456K, capacity 13650K, committed 13952K, reserved 1060864K
  class space    used 2279K, capacity 2371K, committed 2432K, reserved 1048576K
}
Event: 244.180 GC heap before
{Heap before GC invocations=42 (full 0):
 PSYoungGen      total 109056K, used 101383K [0x0000000719180000, 0x0000000722d80000, 0x00000007c0000000)
  eden space 66560K, 97% used [0x0000000719180000,0x000000071d0a3bd8,0x000000071d280000)
  from space 42496K, 86% used [0x000000071d380000,0x000000071f75e1c0,0x000000071fd00000)
  to   space 46592K, 0% used [0x0000000720000000,0x0000000720000000,0x0000000722d80000)
 ParOldGen       total 343040K, used 55540K [0x00000005cb400000, 0x00000005e0300000, 0x0000000719180000)
  object space 343040K, 16% used [0x00000005cb400000,0x00000005cea3d3e0,0x00000005e0300000)
 Metaspace       used 13461K, capacity 13650K, committed 13952K, reserved 1060864K
  class space    used 2279K, capacity 2371K, committed 2432K, reserved 1048576K
Event: 244.186 GC heap after
Heap after GC invocations=42 (full 0):
 PSYoungGen      total 107008K, used 18470K [0x0000000719180000, 0x0000000722880000, 0x00000007c0000000)
  eden space 65536K, 0% used [0x0000000719180000,0x0000000719180000,0x000000071d180000)
  from space 41472K, 44% used [0x0000000720000000,0x0000000721209bb0,0x0000000722880000)
  to   space 44544K, 0% used [0x000000071d180000,0x000000071d180000,0x000000071fd00000)
 ParOldGen       total 343040K, used 55548K [0x00000005cb400000, 0x00000005e0300000, 0x0000000719180000)
  object space 343040K, 16% used [0x00000005cb400000,0x00000005cea3f3e0,0x00000005e0300000)
 Metaspace       used 13461K, capacity 13650K, committed 13952K, reserved 1060864K
  class space    used 2279K, capacity 2371K, committed 2432K, reserved 1048576K
}

